[debug] [2021-07-06T22:01:23.660Z] ----------------------------------------------------------------------
[debug] [2021-07-06T22:01:23.664Z] Command:       C:\Program Files\nodejs\node.exe C:\Users\CRS\AppData\Roaming\npm\node_modules\firebase-tools\lib\bin\firebase.js init
[debug] [2021-07-06T22:01:23.664Z] CLI Version:   9.1.0
[debug] [2021-07-06T22:01:23.665Z] Platform:      win32
[debug] [2021-07-06T22:01:23.665Z] Node Version:  v15.5.0
[debug] [2021-07-06T22:01:23.666Z] Time:          Wed Jul 07 2021 00:01:23 GMT+0200 (Central European Summer Time)
[debug] [2021-07-06T22:01:23.667Z] ----------------------------------------------------------------------
[debug] [2021-07-06T22:01:23.667Z] 
[debug] [2021-07-06T22:01:23.670Z] >>> [apiv2][query] GET https://firebase-public.firebaseio.com/cli.json [none]
[debug] [2021-07-06T22:01:23.713Z] > command requires scopes: ["email","openid","https://www.googleapis.com/auth/cloudplatformprojects.readonly","https://www.googleapis.com/auth/firebase","https://www.googleapis.com/auth/cloud-platform"]
[debug] [2021-07-06T22:01:23.714Z] > authorizing via signed-in user
[info] 
     ######## #### ########  ######## ########     ###     ######  ########
     ##        ##  ##     ## ##       ##     ##  ##   ##  ##       ##
     ######    ##  ########  ######   ########  #########  ######  ######
     ##        ##  ##    ##  ##       ##     ## ##     ##       ## ##
     ##       #### ##     ## ######## ########  ##     ##  ######  ########

You're about to initialize a Firebase project in this directory:

  C:\Users\CRS\Desktop\JS,HTML,CSS,PYTHON\DiscordApp(Redux)\discord-app

Before we get started, keep in mind:

  * You are initializing in an existing Firebase project directory

[debug] [2021-07-06T22:01:24.302Z] <<< [apiv2][status] GET https://firebase-public.firebaseio.com/cli.json 200
[debug] [2021-07-06T22:01:24.302Z] <<< [apiv2][body] GET https://firebase-public.firebaseio.com/cli.json {"cloudBuildErrorAfter":1594252800000,"cloudBuildWarnAfter":1590019200000,"defaultNode10After":1594252800000,"minVersion":"3.0.5","node8DeploysDisabledAfter":1613390400000,"node8RuntimeDisabledAfter":1615809600000,"node8WarnAfter":1600128000000}
[info] 
=== Project Setup
[info] 
[info] First, let's associate this project directory with a Firebase project.
[info] You can create multiple project aliases by running firebase use --add, 
[info] but for now we'll just set up a default project.
[info] 
[info] i  .firebaserc already has a default project, using discord-app-7a2b0. 
[debug] [2021-07-06T22:05:03.901Z] > refreshing access token with scopes: ["email","https://www.googleapis.com/auth/cloud-platform","https://www.googleapis.com/auth/cloudplatformprojects.readonly","https://www.googleapis.com/auth/firebase","openid"]
[debug] [2021-07-06T22:05:03.901Z] >>> HTTP REQUEST POST https://www.googleapis.com/oauth2/v3/token  
 <request body omitted>
[debug] [2021-07-06T22:05:04.128Z] <<< HTTP RESPONSE 200 {"expires":"Mon, 01 Jan 1990 00:00:00 GMT","pragma":"no-cache","cache-control":"no-cache, no-store, max-age=0, must-revalidate","date":"Tue, 06 Jul 2021 22:05:04 GMT","content-type":"application/json; charset=utf-8","vary":"X-Origin, Referer, Origin,Accept-Encoding","server":"scaffolding on HTTPServer2","x-xss-protection":"0","x-frame-options":"SAMEORIGIN","x-content-type-options":"nosniff","alt-svc":"h3=\":443\"; ma=2592000,h3-29=\":443\"; ma=2592000,h3-T051=\":443\"; ma=2592000,h3-Q050=\":443\"; ma=2592000,h3-Q046=\":443\"; ma=2592000,h3-Q043=\":443\"; ma=2592000,quic=\":443\"; ma=2592000; v=\"46,43\"","accept-ranges":"none","transfer-encoding":"chunked"}
[debug] [2021-07-06T22:05:04.134Z] >>> HTTP REQUEST GET https://firebase.googleapis.com/v1beta1/projects/discord-app-7a2b0  
 
[debug] [2021-07-06T22:05:04.427Z] <<< HTTP RESPONSE 200 {"content-type":"application/json; charset=UTF-8","vary":"X-Origin, Referer, Origin,Accept-Encoding","date":"Tue, 06 Jul 2021 22:05:04 GMT","server":"ESF","cache-control":"private","x-xss-protection":"0","x-frame-options":"SAMEORIGIN","x-content-type-options":"nosniff","alt-svc":"h3=\":443\"; ma=2592000,h3-29=\":443\"; ma=2592000,h3-T051=\":443\"; ma=2592000,h3-Q050=\":443\"; ma=2592000,h3-Q046=\":443\"; ma=2592000,h3-Q043=\":443\"; ma=2592000,quic=\":443\"; ma=2592000; v=\"46,43\"","accept-ranges":"none","transfer-encoding":"chunked"}
[info] 
=== Hosting Setup
[info] 
[info] Your public directory is the folder (relative to your project directory) that
[info] will contain Hosting assets to be uploaded with firebase deploy. If you
[info] have a build process for your assets, use your build's output directory.
[info] 
[debug] [2021-07-06T22:05:17.800Z] >>> [apiv2][query] GET https://www.gstatic.com/firebasejs/releases.json [none]
[debug] [2021-07-06T22:05:17.911Z] <<< [apiv2][status] GET https://www.gstatic.com/firebasejs/releases.json 200
[debug] [2021-07-06T22:05:17.911Z] <<< [apiv2][body] GET https://www.gstatic.com/firebasejs/releases.json {"current":{"version":"8.7.0","browserURL":"https://www.gstatic.com/firebasejs/8.7.0/firebase.js","packageURL":"https://www.gstatic.com/firebasejs/8.7.0/firebase.tgz"},"live":{"version":"8.7","browserURL":"https://www.gstatic.com/firebasejs/live/8.7/firebase.js","packageURL":"https://www.gstatic.com/firebasejs/live/8.7/firebase.tgz"},"components":{"analytics":"https://www.gstatic.com/firebasejs/8.7.0/firebase-analytics.js","app":"https://www.gstatic.com/firebasejs/8.7.0/firebase-app.js","app-check":"https://www.gstatic.com/firebasejs/8.7.0/firebase-app-check.js","auth":"https://www.gstatic.com/firebasejs/8.7.0/firebase-auth.js","database":"https://www.gstatic.com/firebasejs/8.7.0/firebase-database.js","firestore":"https://www.gstatic.com/firebasejs/8.7.0/firebase-firestore.js","functions":"https://www.gstatic.com/firebasejs/8.7.0/firebase-functions.js","installations":"https://www.gstatic.com/firebasejs/8.7.0/firebase-installations.js","messaging":"https://www.gstatic.com/firebasejs/8.7.0/firebase-messaging.js","storage":"https://www.gstatic.com/firebasejs/8.7.0/firebase-storage.js","performance":"https://www.gstatic.com/firebasejs/8.7.0/firebase-performance.js","remote-config":"https://www.gstatic.com/firebasejs/8.7.0/firebase-remote-config.js","firestore.memory":"https://www.gstatic.com/firebasejs/8.7.0/firebase-firestore.memory.js"}}
[info] +  Wrote build/index.html 
[info] 
[info] i  Detected a .git folder at C:\Users\CRS\Desktop\JS,HTML,CSS,PYTHON\DiscordApp(Redux)\discord-app 
[info] i  Authorizing with GitHub to upload your service account to a GitHub repository's secrets store. 
[info] 
[info] Visit this URL on this device to log in:
[info] https://github.com/login/oauth/authorize?client_id=89cf50f02ac6aaed3484&state=749536731&redirect_uri=http%3A%2F%2Flocalhost%3A9005&scope=read%3Auser%20repo%20public_repo
[info] 
[info] Waiting for authentication...
[debug] [2021-07-06T22:05:29.350Z] >>> HTTP REQUEST POST https://github.com/login/oauth/access_token  
 {"client_id":"89cf50f02ac6aaed3484","client_secret":"3330d14abc895d9a74d5f17cd7a00711fa2c5bf0","code":"7c26765b782bbb7d9520","redirect_uri":"http://localhost:9005","state":"749536731"}
[debug] [2021-07-06T22:05:29.665Z] <<< HTTP RESPONSE 200 {"server":"GitHub.com","date":"Tue, 06 Jul 2021 22:05:29 GMT","content-type":"application/json; charset=utf-8","transfer-encoding":"chunked","vary":"X-PJAX, Accept-Encoding, Accept, X-Requested-With","permissions-policy":"interest-cohort=()","etag":"W/\"189f837697e6b2bbc7a352361b1481e7\"","cache-control":"max-age=0, private, must-revalidate","strict-transport-security":"max-age=31536000; includeSubdomains; preload","x-frame-options":"deny","x-content-type-options":"nosniff","x-xss-protection":"0","referrer-policy":"origin-when-cross-origin, strict-origin-when-cross-origin","expect-ct":"max-age=2592000, report-uri=\"https://api.github.com/_private/browser/errors\"","content-security-policy":"default-src 'none'; base-uri 'self'; block-all-mixed-content; connect-src 'self' uploads.github.com www.githubstatus.com collector.githubapp.com api.github.com github-cloud.s3.amazonaws.com github-production-repository-file-5c1aeb.s3.amazonaws.com github-production-upload-manifest-file-7fdce7.s3.amazonaws.com github-production-user-asset-6210df.s3.amazonaws.com cdn.optimizely.com logx.optimizely.com/v1/events translator.github.com wss://alive.github.com; font-src github.githubassets.com; form-action 'self' github.com gist.github.com; frame-ancestors 'none'; frame-src render.githubusercontent.com render-temp.githubusercontent.com viewscreen.githubusercontent.com; img-src 'self' data: github.githubassets.com identicons.github.com collector.githubapp.com github-cloud.s3.amazonaws.com secured-user-images.githubusercontent.com/ *.githubusercontent.com; manifest-src 'self'; media-src 'none'; script-src github.githubassets.com; style-src 'unsafe-inline' github.githubassets.com; worker-src github.com/socket-worker-3f088aa2.js gist.github.com/socket-worker-3f088aa2.js","x-github-request-id":"D03C:5FD9:7600C1E:7A07378:60E4D3A9"}
[debug] [2021-07-06T22:05:29.666Z] >>> [apiv2][query] GET https://api.github.com/user [none]
[debug] [2021-07-06T22:05:30.007Z] <<< [apiv2][status] GET https://api.github.com/user 200
[debug] [2021-07-06T22:05:30.008Z] <<< [apiv2][body] GET https://api.github.com/user {"login":"ArjanTarushi","id":87014269,"node_id":"MDQ6VXNlcjg3MDE0MjY5","avatar_url":"https://avatars.githubusercontent.com/u/87014269?v=4","gravatar_id":"","url":"https://api.github.com/users/ArjanTarushi","html_url":"https://github.com/ArjanTarushi","followers_url":"https://api.github.com/users/ArjanTarushi/followers","following_url":"https://api.github.com/users/ArjanTarushi/following{/other_user}","gists_url":"https://api.github.com/users/ArjanTarushi/gists{/gist_id}","starred_url":"https://api.github.com/users/ArjanTarushi/starred{/owner}{/repo}","subscriptions_url":"https://api.github.com/users/ArjanTarushi/subscriptions","organizations_url":"https://api.github.com/users/ArjanTarushi/orgs","repos_url":"https://api.github.com/users/ArjanTarushi/repos","events_url":"https://api.github.com/users/ArjanTarushi/events{/privacy}","received_events_url":"https://api.github.com/users/ArjanTarushi/received_events","type":"User","site_admin":false,"name":null,"company":null,"blog":"","location":null,"email":null,"hireable":null,"bio":null,"twitter_username":null,"public_repos":1,"public_gists":0,"followers":0,"following":0,"created_at":"2021-07-06T10:34:29Z","updated_at":"2021-07-06T22:03:07Z","private_gists":0,"total_private_repos":0,"owned_private_repos":0,"disk_usage":3525,"collaborators":0,"two_factor_authentication":false,"plan":{"name":"free","space":976562499,"collaborators":0,"private_repos":10000}}
[info] 
[info] +  Success! Logged into GitHub as ArjanTarushi 
[info] 
[debug] [2021-07-06T22:07:35.603Z] >>> [apiv2][query] GET https://api.github.com/repos/ArjanTarushi/discord-clone-app/actions/secrets/public-key type=owner
[debug] [2021-07-06T22:07:35.897Z] <<< [apiv2][status] GET https://api.github.com/repos/ArjanTarushi/discord-clone-app/actions/secrets/public-key 404
[debug] [2021-07-06T22:07:35.897Z] <<< [apiv2][body] GET https://api.github.com/repos/ArjanTarushi/discord-clone-app/actions/secrets/public-key {"message":"Not Found","documentation_url":"https://docs.github.com/rest/reference/actions#get-a-repository-public-key"}
[debug] [2021-07-06T22:07:59.080Z] >>> [apiv2][query] GET https://api.github.com/repos/discord-clone-app/actions/secrets/public-key type=owner
[debug] [2021-07-06T22:07:59.355Z] <<< [apiv2][status] GET https://api.github.com/repos/discord-clone-app/actions/secrets/public-key 404
[debug] [2021-07-06T22:07:59.356Z] <<< [apiv2][body] GET https://api.github.com/repos/discord-clone-app/actions/secrets/public-key {"message":"Not Found","documentation_url":"https://docs.github.com/rest"}
